Using pre-set license
Built from '2020.3/release' branch; Version is '2020.3.1f1 (77a89f25062f) revision 7841951'; Using compiler version '192528614'; Build Type 'Release'
OS: 'Windows 10 Pro Education; OS build 19042.1165; Version 2009; 64bit' Language: 'es' Physical Memory: 16296 MB
BatchMode: 1, IsHumanControllingUs: 0, StartBugReporterOnCrash: 0, Is64bit: 1, IsPro: 0

 COMMAND LINE ARGUMENTS:
C:\Program Files\Unity\Hub\Editor\2020.3.1f1\Editor\Unity.exe
-adb2
-batchMode
-noUpm
-name
AssetImportWorker0
-projectPath
D:/2ANI/Desarrollo de entornos interactivos multiplataforma/01_UNITY/PR01-DEIM/Miniejercicios_Marugan_Silvia
-logFile
Logs/AssetImportWorker0.log
-srvPort
51790
Successfully changed project path to: D:/2ANI/Desarrollo de entornos interactivos multiplataforma/01_UNITY/PR01-DEIM/Miniejercicios_Marugan_Silvia
D:/2ANI/Desarrollo de entornos interactivos multiplataforma/01_UNITY/PR01-DEIM/Miniejercicios_Marugan_Silvia
Using Asset Import Pipeline V2.
Refreshing native plugins compatible for Editor in 19.41 ms, found 0 plugins.
Preloading 0 native plugins for Editor in 0.00 ms.
Initialize engine version: 2020.3.1f1 (77a89f25062f)
[Subsystems] Discovering subsystems at path C:/Program Files/Unity/Hub/Editor/2020.3.1f1/Editor/Data/Resources/UnitySubsystems
[Subsystems] Discovering subsystems at path D:/2ANI/Desarrollo de entornos interactivos multiplataforma/01_UNITY/PR01-DEIM/Miniejercicios_Marugan_Silvia/Assets
GfxDevice: creating device client; threaded=0
Direct3D:
    Version:  Direct3D 11.0 [level 11.1]
    Renderer: NVIDIA GeForce GTX 1660 SUPER (ID=0x21c4)
    Vendor:   
    VRAM:     5991 MB
    Driver:   27.21.14.5730
Initialize mono
Mono path[0] = 'C:/Program Files/Unity/Hub/Editor/2020.3.1f1/Editor/Data/Managed'
Mono path[1] = 'C:/Program Files/Unity/Hub/Editor/2020.3.1f1/Editor/Data/MonoBleedingEdge/lib/mono/unityjit'
Mono config path = 'C:/Program Files/Unity/Hub/Editor/2020.3.1f1/Editor/Data/MonoBleedingEdge/etc'
Using monoOptions --debugger-agent=transport=dt_socket,embedding=1,server=y,suspend=n,address=127.0.0.1:56984
Begin MonoManager ReloadAssembly
Registering precompiled unity dll's ...
Register platform support module: C:/Program Files/Unity/Hub/Editor/2020.3.1f1/Editor/Data/PlaybackEngines/WindowsStandaloneSupport/UnityEditor.WindowsStandalone.Extensions.dll
Registered in 0.001485 seconds.
Native extension for WindowsStandalone target not found
Refreshing native plugins compatible for Editor in 20.25 ms, found 0 plugins.
Preloading 0 native plugins for Editor in 0.00 ms.
Invoked RoslynAnalysisRunner static constructor.
RoslynAnalysisRunner will not be running.
RoslynAnalysisRunner has terminated.
Mono: successfully reloaded assembly
- Completed reload, in  1.424 seconds
Platform modules already initialized, skipping
Registering precompiled user dll's ...
Registered in 0.000464 seconds.
Begin MonoManager ReloadAssembly
Native extension for WindowsStandalone target not found
Refreshing native plugins compatible for Editor in 0.19 ms, found 0 plugins.
Preloading 0 native plugins for Editor in 0.00 ms.
Invoked RoslynAnalysisRunner static constructor.
RoslynAnalysisRunner will not be running.
RoslynAnalysisRunner has terminated.
Mono: successfully reloaded assembly
- Completed reload, in  0.685 seconds
Platform modules already initialized, skipping
========================================================================
Worker process is ready to serve import requests
Launched and connected shader compiler UnityShaderCompiler.exe after 0.03 seconds
Refreshing native plugins compatible for Editor in 0.19 ms, found 0 plugins.
Preloading 0 native plugins for Editor in 0.00 ms.
Unloading 1113 Unused Serialized files (Serialized files now loaded: 0)
System memory in use before: 57.4 MB.
System memory in use after: 57.4 MB.

Unloading 10 unused Assets to reduce memory usage. Loaded Objects now: 1555.
Total: 1.579500 ms (FindLiveObjects: 0.127200 ms CreateObjectMapping: 0.040400 ms MarkObjects: 1.346800 ms  DeleteObjects: 0.064500 ms)

========================================================================
Received Import Request.
  path: Assets/Scenes
  artifactKey: Guid(a1476e4509e0dd2488e03ac8adc7635a) Importer(815301076,1909f56bfc062723c751e8b465ee728b)
Start importing Assets/Scenes using Guid(a1476e4509e0dd2488e03ac8adc7635a) Importer(815301076,1909f56bfc062723c751e8b465ee728b)  -> (artifact id: '9ed1c3ab95b6c91059b0f3d986c5a567') in 0.008172 seconds
  Import took 0.009715 seconds .

========================================================================
Received Import Request.
  Time since last request: 11.197965 seconds.
  path: Assets
  artifactKey: Guid(00000000000000001000000000000000) Importer(815301076,1909f56bfc062723c751e8b465ee728b)
Start importing Assets using Guid(00000000000000001000000000000000) Importer(815301076,1909f56bfc062723c751e8b465ee728b)  -> (artifact id: 'a6374019befeac6ce670f13ba9960efb') in 0.007404 seconds
  Import took 0.009327 seconds .

========================================================================
Received Import Request.
  Time since last request: 12.455295 seconds.
  path: Assets/NewBehaviourScript.cs
  artifactKey: Guid(056ce244cbc5ce84295599921e7b92ad) Importer(815301076,1909f56bfc062723c751e8b465ee728b)
Start importing Assets/NewBehaviourScript.cs using Guid(056ce244cbc5ce84295599921e7b92ad) Importer(815301076,1909f56bfc062723c751e8b465ee728b)  -> (artifact id: '662b5cb9df503b73678c628585e6574d') in 0.018168 seconds
  Import took 0.019838 seconds .

========================================================================
Received Import Request.
  Time since last request: 0.007238 seconds.
  path: Assets/NewBehaviourScript.cs
  artifactKey: Guid(056ce244cbc5ce84295599921e7b92ad) Importer(815301076,1909f56bfc062723c751e8b465ee728b)
Start importing Assets/NewBehaviourScript.cs using Guid(056ce244cbc5ce84295599921e7b92ad) Importer(815301076,1909f56bfc062723c751e8b465ee728b)  -> (artifact id: '662b5cb9df503b73678c628585e6574d') in 0.003269 seconds
  Import took 0.005116 seconds .

========================================================================
Received Prepare
Registering precompiled user dll's ...
Registered in 0.000426 seconds.
Begin MonoManager ReloadAssembly
Native extension for WindowsStandalone target not found
Refreshing native plugins compatible for Editor in 0.19 ms, found 0 plugins.
Preloading 0 native plugins for Editor in 0.00 ms.
Invoked RoslynAnalysisRunner static constructor.
RoslynAnalysisRunner will not be running.
RoslynAnalysisRunner has terminated.
Mono: successfully reloaded assembly
- Completed reload, in  0.652 seconds
Platform modules already initialized, skipping
Refreshing native plugins compatible for Editor in 0.18 ms, found 0 plugins.
Preloading 0 native plugins for Editor in 0.00 ms.
Unloading 1109 Unused Serialized files (Serialized files now loaded: 0)
System memory in use before: 57.3 MB.
System memory in use after: 57.4 MB.

Unloading 5 unused Assets to reduce memory usage. Loaded Objects now: 1559.
Total: 1.503800 ms (FindLiveObjects: 0.117600 ms CreateObjectMapping: 0.027300 ms MarkObjects: 1.313600 ms  DeleteObjects: 0.044500 ms)

========================================================================
Received Prepare
Registering precompiled user dll's ...
Registered in 0.000419 seconds.
Begin MonoManager ReloadAssembly
Native extension for WindowsStandalone target not found
Refreshing native plugins compatible for Editor in 0.18 ms, found 0 plugins.
Preloading 0 native plugins for Editor in 0.00 ms.
Invoked RoslynAnalysisRunner static constructor.
RoslynAnalysisRunner will not be running.
RoslynAnalysisRunner has terminated.
Mono: successfully reloaded assembly
- Completed reload, in  0.640 seconds
Platform modules already initialized, skipping
Refreshing native plugins compatible for Editor in 0.18 ms, found 0 plugins.
Preloading 0 native plugins for Editor in 0.00 ms.
Unloading 1108 Unused Serialized files (Serialized files now loaded: 0)
System memory in use before: 57.3 MB.
System memory in use after: 57.4 MB.

Unloading 6 unused Assets to reduce memory usage. Loaded Objects now: 1561.
Total: 1.518600 ms (FindLiveObjects: 0.166000 ms CreateObjectMapping: 0.029500 ms MarkObjects: 1.283500 ms  DeleteObjects: 0.038700 ms)

========================================================================
Received Import Request.
  Time since last request: 32.518794 seconds.
  path: Assets/Scripts
  artifactKey: Guid(9c54e7686e9f74142874b3c64ebc15ec) Importer(815301076,1909f56bfc062723c751e8b465ee728b)
Start importing Assets/Scripts using Guid(9c54e7686e9f74142874b3c64ebc15ec) Importer(815301076,1909f56bfc062723c751e8b465ee728b)  -> (artifact id: 'bb4527acb7966dbd76475040cdedffca') in 0.007284 seconds
  Import took 0.008890 seconds .

========================================================================
Received Import Request.
  Time since last request: 0.003528 seconds.
  path: Assets/Scripts
  artifactKey: Guid(9c54e7686e9f74142874b3c64ebc15ec) Importer(815301076,1909f56bfc062723c751e8b465ee728b)
Start importing Assets/Scripts using Guid(9c54e7686e9f74142874b3c64ebc15ec) Importer(815301076,1909f56bfc062723c751e8b465ee728b)  -> (artifact id: 'bb4527acb7966dbd76475040cdedffca') in 0.003130 seconds
  Import took 0.004899 seconds .

========================================================================
Received Prepare
Registering precompiled user dll's ...
Registered in 0.000433 seconds.
Begin MonoManager ReloadAssembly
Native extension for WindowsStandalone target not found
Refreshing native plugins compatible for Editor in 0.18 ms, found 0 plugins.
Preloading 0 native plugins for Editor in 0.00 ms.
Invoked RoslynAnalysisRunner static constructor.
RoslynAnalysisRunner will not be running.
RoslynAnalysisRunner has terminated.
Mono: successfully reloaded assembly
- Completed reload, in  0.647 seconds
Platform modules already initialized, skipping
Refreshing native plugins compatible for Editor in 0.17 ms, found 0 plugins.
Preloading 0 native plugins for Editor in 0.00 ms.
Unloading 1109 Unused Serialized files (Serialized files now loaded: 0)
System memory in use before: 57.4 MB.
System memory in use after: 57.4 MB.

Unloading 5 unused Assets to reduce memory usage. Loaded Objects now: 1565.
Total: 1.392900 ms (FindLiveObjects: 0.165000 ms CreateObjectMapping: 0.045500 ms MarkObjects: 1.147200 ms  DeleteObjects: 0.034600 ms)

========================================================================
Received Import Request.
  Time since last request: 17.666352 seconds.
  path: Assets/Scripts/NewBehaviourScript.cs
  artifactKey: Guid(cac6d23a29d9834488658849a07cee47) Importer(815301076,1909f56bfc062723c751e8b465ee728b)
Start importing Assets/Scripts/NewBehaviourScript.cs using Guid(cac6d23a29d9834488658849a07cee47) Importer(815301076,1909f56bfc062723c751e8b465ee728b)  -> (artifact id: '176d9a1765e01790ebcacd9d4ceef66f') in 0.005608 seconds
  Import took 0.007021 seconds .

========================================================================
Received Import Request.
  Time since last request: 102.347882 seconds.
  path: Assets/Scripts/Ejercicio_1.cs
  artifactKey: Guid(cac6d23a29d9834488658849a07cee47) Importer(815301076,1909f56bfc062723c751e8b465ee728b)
Start importing Assets/Scripts/Ejercicio_1.cs using Guid(cac6d23a29d9834488658849a07cee47) Importer(815301076,1909f56bfc062723c751e8b465ee728b)  -> (artifact id: '9afd3ba523239c2d57a9f42b47edd799') in 0.006253 seconds
  Import took 0.008114 seconds .

========================================================================
Received Prepare
Registering precompiled user dll's ...
Registered in 0.000432 seconds.
Begin MonoManager ReloadAssembly
Native extension for WindowsStandalone target not found
Refreshing native plugins compatible for Editor in 0.18 ms, found 0 plugins.
Preloading 0 native plugins for Editor in 0.00 ms.
Invoked RoslynAnalysisRunner static constructor.
RoslynAnalysisRunner will not be running.
RoslynAnalysisRunner has terminated.
Mono: successfully reloaded assembly
- Completed reload, in  0.648 seconds
Platform modules already initialized, skipping
Refreshing native plugins compatible for Editor in 0.17 ms, found 0 plugins.
Preloading 0 native plugins for Editor in 0.00 ms.
Unloading 1109 Unused Serialized files (Serialized files now loaded: 0)
System memory in use before: 57.4 MB.
System memory in use after: 57.4 MB.

Unloading 5 unused Assets to reduce memory usage. Loaded Objects now: 1568.
Total: 1.564400 ms (FindLiveObjects: 0.183100 ms CreateObjectMapping: 0.066000 ms MarkObjects: 1.279200 ms  DeleteObjects: 0.035300 ms)

